<?xml version="1.0" encoding="UTF-8"?>
<!-- Generated by org.testng.reporters.JUnitReportReporter -->
<testsuite hostname="DESKTOP-089NAN2" name="Test.TestLogin" tests="1" failures="0" timestamp="22 Feb 2018 20:47:10 GMT" time="27.787" errors="0">
  <testcase name="testlogin" time="27.787" classname="Test.TestLogin"/>
</testsuite> <!-- Test.TestLogin -->
