<?xml version="1.0" encoding="UTF-8"?>
<!-- Generated by org.testng.reporters.JUnitReportReporter -->
<testsuite hostname="DESKTOP-089NAN2" name="datadrivenwithdataprovider.domumlogin" tests="3" failures="0" timestamp="23 Feb 2018 01:42:04 GMT" time="72.813" errors="0">
  <testcase name="logintoword" time="25.726" classname="datadrivenwithdataprovider.domumlogin"/>
  <testcase name="logintoword" time="26.848" classname="datadrivenwithdataprovider.domumlogin"/>
  <testcase name="logintoword" time="20.239" classname="datadrivenwithdataprovider.domumlogin"/>
</testsuite> <!-- datadrivenwithdataprovider.domumlogin -->
